<?xml version="1.0" encoding="UTF-8"?>
<!-- Generated by org.testng.reporters.JUnitReportReporter -->
<testsuite hostname="LTIN198528" failures="0" tests="2" name="test_scenarios.HomePageTest" time="8.553" errors="0" timestamp="2024-02-28T12:22:22 IST" skipped="0">
  <testcase classname="test_scenarios.HomePageTest" name="subMenuCount" time="8.553"/>
  <system-out/>
  <testcase classname="test_scenarios.HomePageTest" name="subMenuItemEmpty" time="0.000"/>
  <system-out/>
</testsuite> <!-- test_scenarios.HomePageTest -->
