<?xml version="1.0" encoding="UTF-8"?>
<!-- Generated by org.testng.reporters.JUnitReportReporter -->
<testsuite hostname="LTIN198528" failures="0" tests="3" name="test_scenarios.BookshelvesTest" time="9.524" errors="0" timestamp="2024-03-01T10:47:01 IST" skipped="0">
  <testcase classname="test_scenarios.BookshelvesTest" name="testPriceRange" time="4.703"/>
  <system-out/>
  <testcase classname="test_scenarios.BookshelvesTest" name="testStorageType" time="2.770"/>
  <system-out/>
  <testcase classname="test_scenarios.BookshelvesTest" name="testExcludeOutOfStock" time="2.051"/>
  <system-out/>
</testsuite> <!-- test_scenarios.BookshelvesTest -->
