<?xml version="1.0" encoding="UTF-8"?>
<!-- Generated by org.testng.reporters.JUnitReportReporter -->
<testsuite hostname="LTIN198528" failures="0" tests="3" name="test_scenarios.BasicNavigationTests" time="12.969" errors="0" timestamp="2024-02-28T22:23:46 IST" skipped="0">
  <testcase classname="test_scenarios.BasicNavigationTests" name="basicNavigationToHomePageTest" time="2.039"/>
  <system-out/>
  <testcase classname="test_scenarios.BasicNavigationTests" name="navigationFromHomePageToBookShelf" time="5.139"/>
  <system-out/>
  <testcase classname="test_scenarios.BasicNavigationTests" name="navigationFromHomePageToGiftCards" time="5.791"/>
  <system-out/>
</testsuite> <!-- test_scenarios.BasicNavigationTests -->
